<?xml version="1.0" encoding="UTF-8"?>
<!-- Generated by org.testng.reporters.JUnitXMLReporter -->
<testsuite ignored="1" hostname="LAPTOP-QJKH35DA" failures="0" tests="1" name="Default test" time="30.354" errors="0" timestamp="2025-01-15T10:59:40 IST">
  <testcase classname="TestClass.TC_MyAccount" name="VerifyLogin" time="26.338"/>
  <testcase classname="TestClass.TC_MyAccount" name="VerifyAccountpage" time="0.0">
    <ignored/>
  </testcase> <!-- VerifyAccountpage -->
</testsuite> <!-- Default test -->
