<?xml version="1.0" encoding="UTF-8"?>
<testng-results ignored="0" total="1" passed="1" failed="0" skipped="0">
  <reporter-output>
  </reporter-output>
  <suite started-at="2025-02-15T11:52:09 IST" name="Suite" finished-at="2025-02-15T11:52:35 IST" duration-ms="26294">
    <groups>
    </groups>
    <test started-at="2025-02-15T11:52:09 IST" name="Test" finished-at="2025-02-15T11:52:35 IST" duration-ms="26294">
      <class name="TestClass.TC_MyAccount">
        <test-method is-config="true" signature="Setup()[pri:0, instance:TestClass.TC_MyAccount@7c469c48]" started-at="2025-02-15T11:52:09 IST" name="Setup" finished-at="2025-02-15T11:52:12 IST" duration-ms="2845" status="PASS">
          <reporter-output>
          </reporter-output>
        </test-method> <!-- Setup -->
        <test-method signature="VerifyLogin()[pri:0, instance:TestClass.TC_MyAccount@7c469c48]" started-at="2025-02-15T11:52:12 IST" name="VerifyLogin" finished-at="2025-02-15T11:52:35 IST" duration-ms="22598" status="PASS">
          <reporter-output>
          </reporter-output>
        </test-method> <!-- VerifyLogin -->
        <test-method is-config="true" signature="TearDown()[pri:0, instance:TestClass.TC_MyAccount@7c469c48]" started-at="2025-02-15T11:52:35 IST" name="TearDown" finished-at="2025-02-15T11:52:35 IST" duration-ms="414" status="PASS">
          <reporter-output>
          </reporter-output>
        </test-method> <!-- TearDown -->
      </class> <!-- TestClass.TC_MyAccount -->
    </test> <!-- Test -->
  </suite> <!-- Suite -->
</testng-results>
